d:\programacion\opengl\projects\graphica\alpha\graphica0.1\graphica0.1\debug\vc141.pdb
d:\programacion\opengl\projects\graphica\alpha\graphica0.1\graphica0.1\debug\vc141.idb
d:\programacion\opengl\projects\graphica\alpha\graphica0.1\graphica0.1\debug\glad.obj
d:\programacion\opengl\projects\graphica\alpha\graphica0.1\graphica0.1\debug\objetos.obj
d:\programacion\opengl\projects\graphica\alpha\graphica0.1\graphica0.1\debug\main.obj
d:\programacion\opengl\projects\graphica\alpha\graphica0.1\graphica0.1\debug\imgui_widgets.obj
d:\programacion\opengl\projects\graphica\alpha\graphica0.1\graphica0.1\debug\imgui_impl_opengl3.obj
d:\programacion\opengl\projects\graphica\alpha\graphica0.1\graphica0.1\debug\imgui_impl_glfw.obj
d:\programacion\opengl\projects\graphica\alpha\graphica0.1\graphica0.1\debug\imgui_draw.obj
d:\programacion\opengl\projects\graphica\alpha\graphica0.1\graphica0.1\debug\imgui_demo.obj
d:\programacion\opengl\projects\graphica\alpha\graphica0.1\graphica0.1\debug\imgui.obj
d:\programacion\opengl\projects\graphica\alpha\graphica0.1\debug\graphica0.1.ilk
d:\programacion\opengl\projects\graphica\alpha\graphica0.1\debug\graphica0.1.exe
d:\programacion\opengl\projects\graphica\alpha\graphica0.1\debug\graphica0.1.pdb
d:\programacion\opengl\projects\graphica\alpha\graphica0.1\graphica0.1\debug\graphica0.1.tlog\cl.command.1.tlog
d:\programacion\opengl\projects\graphica\alpha\graphica0.1\graphica0.1\debug\graphica0.1.tlog\cl.read.1.tlog
d:\programacion\opengl\projects\graphica\alpha\graphica0.1\graphica0.1\debug\graphica0.1.tlog\cl.write.1.tlog
d:\programacion\opengl\projects\graphica\alpha\graphica0.1\graphica0.1\debug\graphica0.1.tlog\link.command.1.tlog
d:\programacion\opengl\projects\graphica\alpha\graphica0.1\graphica0.1\debug\graphica0.1.tlog\link.read.1.tlog
d:\programacion\opengl\projects\graphica\alpha\graphica0.1\graphica0.1\debug\graphica0.1.tlog\link.write.1.tlog
