d:\programacion\graphica\graphica\graphica0.1\release\vc141.pdb
d:\programacion\graphica\graphica\graphica0.1\release\glad.obj
d:\programacion\graphica\graphica\graphica0.1\release\objetos.obj
d:\programacion\graphica\graphica\graphica0.1\release\main.obj
d:\programacion\graphica\graphica\graphica0.1\release\imgui_widgets.obj
d:\programacion\graphica\graphica\graphica0.1\release\imgui_impl_opengl3.obj
d:\programacion\graphica\graphica\graphica0.1\release\imgui_impl_glfw.obj
d:\programacion\graphica\graphica\graphica0.1\release\imgui_draw.obj
d:\programacion\graphica\graphica\graphica0.1\release\imgui_demo.obj
d:\programacion\graphica\graphica\graphica0.1\release\imgui.obj
d:\programacion\graphica\graphica\release\graphica0.1.ipdb
d:\programacion\graphica\graphica\release\graphica0.1.iobj
d:\programacion\graphica\graphica\release\graphica0.1.exe
d:\programacion\graphica\graphica\release\graphica0.1.pdb
d:\programacion\graphica\graphica\graphica0.1\release\graphica0.1.tlog\cl.command.1.tlog
d:\programacion\graphica\graphica\graphica0.1\release\graphica0.1.tlog\cl.read.1.tlog
d:\programacion\graphica\graphica\graphica0.1\release\graphica0.1.tlog\cl.write.1.tlog
d:\programacion\graphica\graphica\graphica0.1\release\graphica0.1.tlog\graphica0.1.write.1u.tlog
d:\programacion\graphica\graphica\graphica0.1\release\graphica0.1.tlog\link.command.1.tlog
d:\programacion\graphica\graphica\graphica0.1\release\graphica0.1.tlog\link.read.1.tlog
d:\programacion\graphica\graphica\graphica0.1\release\graphica0.1.tlog\link.write.1.tlog
