  glad.c
  imgui.cpp
  imgui_demo.cpp
  imgui_draw.cpp
  imgui_impl_glfw.cpp
  imgui_impl_opengl3.cpp
  imgui_widgets.cpp
  main.cpp
d:\programacion\opengl\projects\graphica\alpha\graphica0.1\graphica0.1\src\main.cpp(253): warning C4244: 'initializing': conversion from 'double' to 'float', possible loss of data
d:\programacion\opengl\projects\graphica\alpha\graphica0.1\graphica0.1\src\main.cpp(264): warning C4244: 'initializing': conversion from 'double' to 'float', possible loss of data
d:\programacion\opengl\projects\graphica\alpha\graphica0.1\graphica0.1\src\main.cpp(357): warning C4244: '=': conversion from 'double' to 'float', possible loss of data
d:\programacion\opengl\projects\graphica\alpha\graphica0.1\graphica0.1\src\main.cpp(358): warning C4244: '=': conversion from 'double' to 'float', possible loss of data
d:\programacion\opengl\projects\graphica\alpha\graphica0.1\graphica0.1\src\main.cpp(363): warning C4244: 'initializing': conversion from 'double' to 'float', possible loss of data
d:\programacion\opengl\projects\graphica\alpha\graphica0.1\graphica0.1\src\main.cpp(364): warning C4244: 'initializing': conversion from 'double' to 'float', possible loss of data
d:\programacion\opengl\projects\graphica\alpha\graphica0.1\graphica0.1\src\main.cpp(365): warning C4244: '=': conversion from 'double' to 'float', possible loss of data
d:\programacion\opengl\projects\graphica\alpha\graphica0.1\graphica0.1\src\main.cpp(366): warning C4244: '=': conversion from 'double' to 'float', possible loss of data
d:\programacion\opengl\projects\graphica\alpha\graphica0.1\graphica0.1\src\main.cpp(401): warning C4244: '-=': conversion from 'double' to 'float', possible loss of data
d:\programacion\opengl\projects\graphica\alpha\graphica0.1\graphica0.1\src\main.cpp(507): warning C4244: 'argument': conversion from 'float' to 'int', possible loss of data
d:\programacion\opengl\projects\graphica\alpha\graphica0.1\graphica0.1\src\main.cpp(549): warning C4244: 'argument': conversion from 'float' to 'int', possible loss of data
d:\programacion\opengl\projects\graphica\alpha\graphica0.1\graphica0.1\src\main.cpp(578): warning C4244: 'argument': conversion from 'float' to 'int', possible loss of data
d:\programacion\opengl\projects\graphica\alpha\graphica0.1\graphica0.1\src\main.cpp(606): warning C4244: 'argument': conversion from 'float' to 'int', possible loss of data
d:\programacion\opengl\projects\graphica\alpha\graphica0.1\graphica0.1\src\main.cpp(634): warning C4244: 'argument': conversion from 'float' to 'int', possible loss of data
d:\programacion\opengl\projects\graphica\alpha\graphica0.1\graphica0.1\src\main.cpp(663): warning C4018: '<': signed/unsigned mismatch
d:\programacion\opengl\projects\graphica\alpha\graphica0.1\graphica0.1\src\main.cpp(748): warning C4018: '<': signed/unsigned mismatch
  Objetos.cpp
d:\programacion\opengl\projects\graphica\alpha\graphica0.1\graphica0.1\src\objetos.cpp(263): warning C4018: '<': signed/unsigned mismatch
d:\programacion\opengl\projects\graphica\alpha\graphica0.1\graphica0.1\src\objetos.cpp(288): warning C4018: '<': signed/unsigned mismatch
d:\programacion\opengl\projects\graphica\alpha\graphica0.1\graphica0.1\src\objetos.cpp(315): warning C4018: '<': signed/unsigned mismatch
d:\programacion\opengl\projects\graphica\alpha\graphica0.1\graphica0.1\src\objetos.cpp(343): warning C4018: '<': signed/unsigned mismatch
d:\programacion\opengl\projects\graphica\alpha\graphica0.1\graphica0.1\src\objetos.cpp(362): warning C4018: '<': signed/unsigned mismatch
LINK : warning LNK4098: defaultlib 'MSVCRTD' conflicts with use of other libs; use /NODEFAULTLIB:library
  Generating code
  All 1721 functions were compiled because no usable IPDB/IOBJ from previous compilation was found.
  Finished generating code
glfw3.lib(context.obj) : warning LNK4099: PDB 'glfw.pdb' was not found with 'glfw3.lib(context.obj)' or at 'D:\Programacion\OpenGL\Projects\Graphica\Alpha\Graphica0.1\Release\glfw.pdb'; linking object as if no debug info
glfw3.lib(init.obj) : warning LNK4099: PDB 'glfw.pdb' was not found with 'glfw3.lib(init.obj)' or at 'D:\Programacion\OpenGL\Projects\Graphica\Alpha\Graphica0.1\Release\glfw.pdb'; linking object as if no debug info
glfw3.lib(input.obj) : warning LNK4099: PDB 'glfw.pdb' was not found with 'glfw3.lib(input.obj)' or at 'D:\Programacion\OpenGL\Projects\Graphica\Alpha\Graphica0.1\Release\glfw.pdb'; linking object as if no debug info
glfw3.lib(monitor.obj) : warning LNK4099: PDB 'glfw.pdb' was not found with 'glfw3.lib(monitor.obj)' or at 'D:\Programacion\OpenGL\Projects\Graphica\Alpha\Graphica0.1\Release\glfw.pdb'; linking object as if no debug info
glfw3.lib(vulkan.obj) : warning LNK4099: PDB 'glfw.pdb' was not found with 'glfw3.lib(vulkan.obj)' or at 'D:\Programacion\OpenGL\Projects\Graphica\Alpha\Graphica0.1\Release\glfw.pdb'; linking object as if no debug info
glfw3.lib(window.obj) : warning LNK4099: PDB 'glfw.pdb' was not found with 'glfw3.lib(window.obj)' or at 'D:\Programacion\OpenGL\Projects\Graphica\Alpha\Graphica0.1\Release\glfw.pdb'; linking object as if no debug info
glfw3.lib(win32_init.obj) : warning LNK4099: PDB 'glfw.pdb' was not found with 'glfw3.lib(win32_init.obj)' or at 'D:\Programacion\OpenGL\Projects\Graphica\Alpha\Graphica0.1\Release\glfw.pdb'; linking object as if no debug info
glfw3.lib(win32_joystick.obj) : warning LNK4099: PDB 'glfw.pdb' was not found with 'glfw3.lib(win32_joystick.obj)' or at 'D:\Programacion\OpenGL\Projects\Graphica\Alpha\Graphica0.1\Release\glfw.pdb'; linking object as if no debug info
glfw3.lib(win32_monitor.obj) : warning LNK4099: PDB 'glfw.pdb' was not found with 'glfw3.lib(win32_monitor.obj)' or at 'D:\Programacion\OpenGL\Projects\Graphica\Alpha\Graphica0.1\Release\glfw.pdb'; linking object as if no debug info
glfw3.lib(win32_time.obj) : warning LNK4099: PDB 'glfw.pdb' was not found with 'glfw3.lib(win32_time.obj)' or at 'D:\Programacion\OpenGL\Projects\Graphica\Alpha\Graphica0.1\Release\glfw.pdb'; linking object as if no debug info
glfw3.lib(win32_tls.obj) : warning LNK4099: PDB 'glfw.pdb' was not found with 'glfw3.lib(win32_tls.obj)' or at 'D:\Programacion\OpenGL\Projects\Graphica\Alpha\Graphica0.1\Release\glfw.pdb'; linking object as if no debug info
glfw3.lib(win32_window.obj) : warning LNK4099: PDB 'glfw.pdb' was not found with 'glfw3.lib(win32_window.obj)' or at 'D:\Programacion\OpenGL\Projects\Graphica\Alpha\Graphica0.1\Release\glfw.pdb'; linking object as if no debug info
glfw3.lib(wgl_context.obj) : warning LNK4099: PDB 'glfw.pdb' was not found with 'glfw3.lib(wgl_context.obj)' or at 'D:\Programacion\OpenGL\Projects\Graphica\Alpha\Graphica0.1\Release\glfw.pdb'; linking object as if no debug info
glfw3.lib(egl_context.obj) : warning LNK4099: PDB 'glfw.pdb' was not found with 'glfw3.lib(egl_context.obj)' or at 'D:\Programacion\OpenGL\Projects\Graphica\Alpha\Graphica0.1\Release\glfw.pdb'; linking object as if no debug info
  Graphica0.1.vcxproj -> D:\Programacion\OpenGL\Projects\Graphica\Alpha\Graphica0.1\Release\Graphica0.1.exe
