  glad.c
  imgui.cpp
  imgui_demo.cpp
  imgui_draw.cpp
  imgui_impl_glfw.cpp
  imgui_impl_opengl3.cpp
  imgui_widgets.cpp
  main.cpp
d:\programacion\graphica\graphica\graphica0.1\src\main.cpp(256): warning C4244: 'initializing': conversion from 'double' to 'float', possible loss of data
d:\programacion\graphica\graphica\graphica0.1\src\main.cpp(267): warning C4244: 'initializing': conversion from 'double' to 'float', possible loss of data
d:\programacion\graphica\graphica\graphica0.1\src\main.cpp(360): warning C4244: '=': conversion from 'double' to 'float', possible loss of data
d:\programacion\graphica\graphica\graphica0.1\src\main.cpp(361): warning C4244: '=': conversion from 'double' to 'float', possible loss of data
d:\programacion\graphica\graphica\graphica0.1\src\main.cpp(366): warning C4244: 'initializing': conversion from 'double' to 'float', possible loss of data
d:\programacion\graphica\graphica\graphica0.1\src\main.cpp(367): warning C4244: 'initializing': conversion from 'double' to 'float', possible loss of data
d:\programacion\graphica\graphica\graphica0.1\src\main.cpp(368): warning C4244: '=': conversion from 'double' to 'float', possible loss of data
d:\programacion\graphica\graphica\graphica0.1\src\main.cpp(369): warning C4244: '=': conversion from 'double' to 'float', possible loss of data
d:\programacion\graphica\graphica\graphica0.1\src\main.cpp(404): warning C4244: '-=': conversion from 'double' to 'float', possible loss of data
d:\programacion\graphica\graphica\graphica0.1\src\main.cpp(508): warning C4267: 'argument': conversion from 'size_t' to 'int', possible loss of data
d:\programacion\graphica\graphica\graphica0.1\src\main.cpp(510): warning C4244: 'argument': conversion from 'float' to 'int', possible loss of data
d:\programacion\graphica\graphica\graphica0.1\src\main.cpp(550): warning C4267: 'argument': conversion from 'size_t' to 'int', possible loss of data
d:\programacion\graphica\graphica\graphica0.1\src\main.cpp(552): warning C4244: 'argument': conversion from 'float' to 'int', possible loss of data
d:\programacion\graphica\graphica\graphica0.1\src\main.cpp(579): warning C4267: 'argument': conversion from 'size_t' to 'int', possible loss of data
d:\programacion\graphica\graphica\graphica0.1\src\main.cpp(581): warning C4244: 'argument': conversion from 'float' to 'int', possible loss of data
d:\programacion\graphica\graphica\graphica0.1\src\main.cpp(607): warning C4267: 'argument': conversion from 'size_t' to 'int', possible loss of data
d:\programacion\graphica\graphica\graphica0.1\src\main.cpp(609): warning C4244: 'argument': conversion from 'float' to 'int', possible loss of data
d:\programacion\graphica\graphica\graphica0.1\src\main.cpp(635): warning C4267: 'argument': conversion from 'size_t' to 'int', possible loss of data
d:\programacion\graphica\graphica\graphica0.1\src\main.cpp(637): warning C4244: 'argument': conversion from 'float' to 'int', possible loss of data
  Objetos.cpp
  Generating code
  All 1712 functions were compiled because no usable IPDB/IOBJ from previous compilation was found.
  Finished generating code
  Graphica0.1.vcxproj -> D:\Programacion\Graphica\Graphica\x64\Release\Graphica0.1.exe
