  glad.c
  imgui.cpp
  imgui_demo.cpp
  imgui_draw.cpp
  imgui_impl_glfw.cpp
  imgui_impl_opengl3.cpp
  imgui_widgets.cpp
  main.cpp
d:\programacion\opengl\projects\graphica\alpha\graphica0.1\graphica0.1\src\main.cpp(253): warning C4244: 'initializing': conversion from 'double' to 'float', possible loss of data
d:\programacion\opengl\projects\graphica\alpha\graphica0.1\graphica0.1\src\main.cpp(264): warning C4244: 'initializing': conversion from 'double' to 'float', possible loss of data
d:\programacion\opengl\projects\graphica\alpha\graphica0.1\graphica0.1\src\main.cpp(357): warning C4244: '=': conversion from 'double' to 'float', possible loss of data
d:\programacion\opengl\projects\graphica\alpha\graphica0.1\graphica0.1\src\main.cpp(358): warning C4244: '=': conversion from 'double' to 'float', possible loss of data
d:\programacion\opengl\projects\graphica\alpha\graphica0.1\graphica0.1\src\main.cpp(363): warning C4244: 'initializing': conversion from 'double' to 'float', possible loss of data
d:\programacion\opengl\projects\graphica\alpha\graphica0.1\graphica0.1\src\main.cpp(364): warning C4244: 'initializing': conversion from 'double' to 'float', possible loss of data
d:\programacion\opengl\projects\graphica\alpha\graphica0.1\graphica0.1\src\main.cpp(365): warning C4244: '=': conversion from 'double' to 'float', possible loss of data
d:\programacion\opengl\projects\graphica\alpha\graphica0.1\graphica0.1\src\main.cpp(366): warning C4244: '=': conversion from 'double' to 'float', possible loss of data
d:\programacion\opengl\projects\graphica\alpha\graphica0.1\graphica0.1\src\main.cpp(401): warning C4244: '-=': conversion from 'double' to 'float', possible loss of data
d:\programacion\opengl\projects\graphica\alpha\graphica0.1\graphica0.1\src\main.cpp(505): warning C4267: 'argument': conversion from 'size_t' to 'int', possible loss of data
d:\programacion\opengl\projects\graphica\alpha\graphica0.1\graphica0.1\src\main.cpp(507): warning C4244: 'argument': conversion from 'float' to 'int', possible loss of data
d:\programacion\opengl\projects\graphica\alpha\graphica0.1\graphica0.1\src\main.cpp(547): warning C4267: 'argument': conversion from 'size_t' to 'int', possible loss of data
d:\programacion\opengl\projects\graphica\alpha\graphica0.1\graphica0.1\src\main.cpp(549): warning C4244: 'argument': conversion from 'float' to 'int', possible loss of data
d:\programacion\opengl\projects\graphica\alpha\graphica0.1\graphica0.1\src\main.cpp(576): warning C4267: 'argument': conversion from 'size_t' to 'int', possible loss of data
d:\programacion\opengl\projects\graphica\alpha\graphica0.1\graphica0.1\src\main.cpp(578): warning C4244: 'argument': conversion from 'float' to 'int', possible loss of data
d:\programacion\opengl\projects\graphica\alpha\graphica0.1\graphica0.1\src\main.cpp(604): warning C4267: 'argument': conversion from 'size_t' to 'int', possible loss of data
d:\programacion\opengl\projects\graphica\alpha\graphica0.1\graphica0.1\src\main.cpp(606): warning C4244: 'argument': conversion from 'float' to 'int', possible loss of data
d:\programacion\opengl\projects\graphica\alpha\graphica0.1\graphica0.1\src\main.cpp(632): warning C4267: 'argument': conversion from 'size_t' to 'int', possible loss of data
d:\programacion\opengl\projects\graphica\alpha\graphica0.1\graphica0.1\src\main.cpp(634): warning C4244: 'argument': conversion from 'float' to 'int', possible loss of data
  Objetos.cpp
  Generating Code...
LINK : warning LNK4098: defaultlib 'MSVCRT' conflicts with use of other libs; use /NODEFAULTLIB:library
  Graphica0.1.vcxproj -> D:\Programacion\OpenGL\Projects\Graphica\Alpha\Graphica0.1\x64\Debug\Graphica0.1.exe
